This is XeTeX, Version 3.14159265-2.6-0.999992 (TeX Live 2020) (preloaded format=xelatex 2020.10.23)  23 JUL 2023 16:50
entering extended mode
 restricted \write18 enabled.
 %&-line parsing enabled.
**review.tex
(./review.tex
LaTeX2e <2020-02-02> patch level 5
L3 programming layer <2020-03-06>
(/usr/local/texlive/2020/texmf-dist/tex/latex/base/book.cls
Document Class: book 2019/12/20 v1.4l Standard LaTeX document class
(/usr/local/texlive/2020/texmf-dist/tex/latex/base/bk12.clo
File: bk12.clo 2019/12/20 v1.4l Standard LaTeX file (size option)
)
\c@part=\count163
\c@chapter=\count164
\c@section=\count165
\c@subsection=\count166
\c@subsubsection=\count167
\c@paragraph=\count168
\c@subparagraph=\count169
\c@figure=\count170
\c@table=\count171
\abovecaptionskip=\skip47
\belowcaptionskip=\skip48
\bibindent=\dimen134
)
(/usr/local/texlive/2020/texmf-dist/tex/latex/import/import.sty
Package: import 2020/01/22  v 6.0
)
(../Packages/baupreamble.sty

LaTeX Warning: You have requested package `../Packages/baupreamble',
               but the package provides `baupreamble'.

Package: baupreamble 
(/usr/local/texlive/2020/texmf-dist/tex/latex/geometry/geometry.sty
Package: geometry 2020/01/02 v5.9 Page Geometry

(/usr/local/texlive/2020/texmf-dist/tex/latex/graphics/keyval.sty
Package: keyval 2014/10/28 v1.15 key=value parser (DPC)
\KV@toks@=\toks15
)
(/usr/local/texlive/2020/texmf-dist/tex/generic/iftex/ifvtex.sty
Package: ifvtex 2019/10/25 v1.7 ifvtex legacy package. Use iftex instead.

(/usr/local/texlive/2020/texmf-dist/tex/generic/iftex/iftex.sty
Package: iftex 2020/03/06 v1.0d TeX engine tests
))
\Gm@cnth=\count172
\Gm@cntv=\count173
\c@Gm@tempcnt=\count174
\Gm@bindingoffset=\dimen135
\Gm@wd@mp=\dimen136
\Gm@odd@mp=\dimen137
\Gm@even@mp=\dimen138
\Gm@layoutwidth=\dimen139
\Gm@layoutheight=\dimen140
\Gm@layouthoffset=\dimen141
\Gm@layoutvoffset=\dimen142
\Gm@dimlist=\toks16
)
(/usr/local/texlive/2020/texmf-dist/tex/latex/base/inputenc.sty
Package: inputenc 2018/08/11 v1.3c Input encoding file
\inpenc@prehook=\toks17
\inpenc@posthook=\toks18


Package inputenc Warning: inputenc package ignored with utf8 based engines.

) (/usr/local/texlive/2020/texmf-dist/tex/latex/psnfss/mathpazo.sty
Package: mathpazo 2005/04/12 PSNFSS-v9.2a Palatino w/ Pazo Math (D.Puga, WaS) 
\symupright=\mathgroup4
)
(/usr/local/texlive/2020/texmf-dist/tex/latex/base/fontenc.sty
Package: fontenc 2020/02/11 v2.0o Standard LaTeX package
LaTeX Font Info:    Trying to load font information for T1+ppl on input line 11
2.

(/usr/local/texlive/2020/texmf-dist/tex/latex/psnfss/t1ppl.fd
File: t1ppl.fd 2001/06/04 font definitions for T1/ppl.
))
(/usr/local/texlive/2020/texmf-dist/tex/latex/lipsum/lipsum.sty
(/usr/local/texlive/2020/texmf-dist/tex/latex/l3kernel/expl3.sty
Package: expl3 2020-03-06 L3 programming layer (loader) 

(/usr/local/texlive/2020/texmf-dist/tex/latex/l3backend/l3backend-xdvipdfmx.def
File: l3backend-xdvipdfmx.def 2020-03-12 L3 backend support: xdvipdfmx
\g__graphics_track_int=\count175
\l__pdf_internal_box=\box45
\g__pdf_backend_object_int=\count176
\g__pdf_backend_annotation_int=\count177
)) (/usr/local/texlive/2020/texmf-dist/tex/latex/l3packages/xparse/xparse.sty
Package: xparse 2020-03-06 L3 Experimental document command parser
\l__xparse_current_arg_int=\count178
\g__xparse_grabber_int=\count179
\l__xparse_m_args_int=\count180
\l__xparse_v_nesting_int=\count181
)
Package: lipsum 2019/01/02 v2.2 150 paragraphs of Lorem Ipsum dummy text

(/usr/local/texlive/2020/texmf-dist/tex/latex/lipsum/lipsum.ltd.tex
File: lipsum.ltd.tex 2019/01/02 v2.2 The Lorem ipsum dummy text
))
(/usr/local/texlive/2020/texmf-dist/tex/latex/pgf/frontendlayer/tikz.sty
(/usr/local/texlive/2020/texmf-dist/tex/latex/pgf/basiclayer/pgf.sty
(/usr/local/texlive/2020/texmf-dist/tex/latex/pgf/utilities/pgfrcs.sty
(/usr/local/texlive/2020/texmf-dist/tex/generic/pgf/utilities/pgfutil-common.te
x
\pgfutil@everybye=\toks19
\pgfutil@tempdima=\dimen143
\pgfutil@tempdimb=\dimen144

(/usr/local/texlive/2020/texmf-dist/tex/generic/pgf/utilities/pgfutil-common-li
sts.tex))
(/usr/local/texlive/2020/texmf-dist/tex/generic/pgf/utilities/pgfutil-latex.def
\pgfutil@abb=\box46
(/usr/local/texlive/2020/texmf-dist/tex/latex/ms/everyshi.sty
Package: everyshi 2001/05/15 v3.00 EveryShipout Package (MS)
))
(/usr/local/texlive/2020/texmf-dist/tex/generic/pgf/utilities/pgfrcs.code.tex
(/usr/local/texlive/2020/texmf-dist/tex/generic/pgf/pgf.revision.tex)
Package: pgfrcs 2020/01/08 v3.1.5b (3.1.5b)
))
Package: pgf 2020/01/08 v3.1.5b (3.1.5b)

(/usr/local/texlive/2020/texmf-dist/tex/latex/pgf/basiclayer/pgfcore.sty
(/usr/local/texlive/2020/texmf-dist/tex/latex/graphics/graphicx.sty
Package: graphicx 2019/11/30 v1.2a Enhanced LaTeX Graphics (DPC,SPQR)

(/usr/local/texlive/2020/texmf-dist/tex/latex/graphics/graphics.sty
Package: graphics 2019/11/30 v1.4a Standard LaTeX Graphics (DPC,SPQR)

(/usr/local/texlive/2020/texmf-dist/tex/latex/graphics/trig.sty
Package: trig 2016/01/03 v1.10 sin cos tan (DPC)
)
(/usr/local/texlive/2020/texmf-dist/tex/latex/graphics-cfg/graphics.cfg
File: graphics.cfg 2016/06/04 v1.11 sample graphics configuration
)
Package graphics Info: Driver file: xetex.def on input line 105.

(/usr/local/texlive/2020/texmf-dist/tex/latex/graphics-def/xetex.def
File: xetex.def 2017/06/24 v5.0h Graphics/color driver for xetex
))
\Gin@req@height=\dimen145
\Gin@req@width=\dimen146
)
(/usr/local/texlive/2020/texmf-dist/tex/latex/pgf/systemlayer/pgfsys.sty
(/usr/local/texlive/2020/texmf-dist/tex/generic/pgf/systemlayer/pgfsys.code.tex
Package: pgfsys 2020/01/08 v3.1.5b (3.1.5b)
(/usr/local/texlive/2020/texmf-dist/tex/generic/pgf/utilities/pgfkeys.code.tex
\pgfkeys@pathtoks=\toks20
\pgfkeys@temptoks=\toks21

(/usr/local/texlive/2020/texmf-dist/tex/generic/pgf/utilities/pgfkeysfiltered.c
ode.tex
\pgfkeys@tmptoks=\toks22
))
\pgf@x=\dimen147
\pgf@y=\dimen148
\pgf@xa=\dimen149
\pgf@ya=\dimen150
\pgf@xb=\dimen151
\pgf@yb=\dimen152
\pgf@xc=\dimen153
\pgf@yc=\dimen154
\pgf@xd=\dimen155
\pgf@yd=\dimen156
\w@pgf@writea=\write3
\r@pgf@reada=\read2
\c@pgf@counta=\count182
\c@pgf@countb=\count183
\c@pgf@countc=\count184
\c@pgf@countd=\count185
\t@pgf@toka=\toks23
\t@pgf@tokb=\toks24
\t@pgf@tokc=\toks25
\pgf@sys@id@count=\count186

(/usr/local/texlive/2020/texmf-dist/tex/generic/pgf/systemlayer/pgf.cfg
File: pgf.cfg 2020/01/08 v3.1.5b (3.1.5b)
)
Driver file for pgf: pgfsys-xetex.def

(/usr/local/texlive/2020/texmf-dist/tex/generic/pgf/systemlayer/pgfsys-xetex.de
f
File: pgfsys-xetex.def 2020/01/08 v3.1.5b (3.1.5b)

(/usr/local/texlive/2020/texmf-dist/tex/generic/pgf/systemlayer/pgfsys-dvipdfmx
.def
File: pgfsys-dvipdfmx.def 2020/01/08 v3.1.5b (3.1.5b)

(/usr/local/texlive/2020/texmf-dist/tex/generic/pgf/systemlayer/pgfsys-common-p
df.def
File: pgfsys-common-pdf.def 2020/01/08 v3.1.5b (3.1.5b)
)
\pgfsys@objnum=\count187
)))
(/usr/local/texlive/2020/texmf-dist/tex/generic/pgf/systemlayer/pgfsyssoftpath.
code.tex
File: pgfsyssoftpath.code.tex 2020/01/08 v3.1.5b (3.1.5b)
\pgfsyssoftpath@smallbuffer@items=\count188
\pgfsyssoftpath@bigbuffer@items=\count189
)
(/usr/local/texlive/2020/texmf-dist/tex/generic/pgf/systemlayer/pgfsysprotocol.
code.tex
File: pgfsysprotocol.code.tex 2020/01/08 v3.1.5b (3.1.5b)
)) (/usr/local/texlive/2020/texmf-dist/tex/latex/xcolor/xcolor.sty
Package: xcolor 2016/05/11 v2.12 LaTeX color extensions (UK)

(/usr/local/texlive/2020/texmf-dist/tex/latex/graphics-cfg/color.cfg
File: color.cfg 2016/01/02 v1.6 sample color configuration
)
Package xcolor Info: Driver file: xetex.def on input line 225.
Package xcolor Info: Model `cmy' substituted by `cmy0' on input line 1348.
Package xcolor Info: Model `RGB' extended on input line 1364.
Package xcolor Info: Model `HTML' substituted by `rgb' on input line 1366.
Package xcolor Info: Model `Hsb' substituted by `hsb' on input line 1367.
Package xcolor Info: Model `tHsb' substituted by `hsb' on input line 1368.
Package xcolor Info: Model `HSB' substituted by `hsb' on input line 1369.
Package xcolor Info: Model `Gray' substituted by `gray' on input line 1370.
Package xcolor Info: Model `wave' substituted by `hsb' on input line 1371.
)
(/usr/local/texlive/2020/texmf-dist/tex/generic/pgf/basiclayer/pgfcore.code.tex
Package: pgfcore 2020/01/08 v3.1.5b (3.1.5b)
(/usr/local/texlive/2020/texmf-dist/tex/generic/pgf/math/pgfmath.code.tex
(/usr/local/texlive/2020/texmf-dist/tex/generic/pgf/math/pgfmathcalc.code.tex
(/usr/local/texlive/2020/texmf-dist/tex/generic/pgf/math/pgfmathutil.code.tex)
(/usr/local/texlive/2020/texmf-dist/tex/generic/pgf/math/pgfmathparser.code.tex
\pgfmath@dimen=\dimen157
\pgfmath@count=\count190
\pgfmath@box=\box47
\pgfmath@toks=\toks26
\pgfmath@stack@operand=\toks27
\pgfmath@stack@operation=\toks28
)
(/usr/local/texlive/2020/texmf-dist/tex/generic/pgf/math/pgfmathfunctions.code.
tex
(/usr/local/texlive/2020/texmf-dist/tex/generic/pgf/math/pgfmathfunctions.basic
.code.tex)
(/usr/local/texlive/2020/texmf-dist/tex/generic/pgf/math/pgfmathfunctions.trigo
nometric.code.tex)
(/usr/local/texlive/2020/texmf-dist/tex/generic/pgf/math/pgfmathfunctions.rando
m.code.tex)
(/usr/local/texlive/2020/texmf-dist/tex/generic/pgf/math/pgfmathfunctions.compa
rison.code.tex)
(/usr/local/texlive/2020/texmf-dist/tex/generic/pgf/math/pgfmathfunctions.base.
code.tex)
(/usr/local/texlive/2020/texmf-dist/tex/generic/pgf/math/pgfmathfunctions.round
.code.tex)
(/usr/local/texlive/2020/texmf-dist/tex/generic/pgf/math/pgfmathfunctions.misc.
code.tex)
(/usr/local/texlive/2020/texmf-dist/tex/generic/pgf/math/pgfmathfunctions.integ
erarithmetics.code.tex)))
(/usr/local/texlive/2020/texmf-dist/tex/generic/pgf/math/pgfmathfloat.code.tex
\c@pgfmathroundto@lastzeros=\count191
)) (/usr/local/texlive/2020/texmf-dist/tex/generic/pgf/math/pgfint.code.tex)
(/usr/local/texlive/2020/texmf-dist/tex/generic/pgf/basiclayer/pgfcorepoints.co
de.tex
File: pgfcorepoints.code.tex 2020/01/08 v3.1.5b (3.1.5b)
\pgf@picminx=\dimen158
\pgf@picmaxx=\dimen159
\pgf@picminy=\dimen160
\pgf@picmaxy=\dimen161
\pgf@pathminx=\dimen162
\pgf@pathmaxx=\dimen163
\pgf@pathminy=\dimen164
\pgf@pathmaxy=\dimen165
\pgf@xx=\dimen166
\pgf@xy=\dimen167
\pgf@yx=\dimen168
\pgf@yy=\dimen169
\pgf@zx=\dimen170
\pgf@zy=\dimen171
)
(/usr/local/texlive/2020/texmf-dist/tex/generic/pgf/basiclayer/pgfcorepathconst
ruct.code.tex
File: pgfcorepathconstruct.code.tex 2020/01/08 v3.1.5b (3.1.5b)
\pgf@path@lastx=\dimen172
\pgf@path@lasty=\dimen173
)
(/usr/local/texlive/2020/texmf-dist/tex/generic/pgf/basiclayer/pgfcorepathusage
.code.tex
File: pgfcorepathusage.code.tex 2020/01/08 v3.1.5b (3.1.5b)
\pgf@shorten@end@additional=\dimen174
\pgf@shorten@start@additional=\dimen175
)
(/usr/local/texlive/2020/texmf-dist/tex/generic/pgf/basiclayer/pgfcorescopes.co
de.tex
File: pgfcorescopes.code.tex 2020/01/08 v3.1.5b (3.1.5b)
\pgfpic=\box48
\pgf@hbox=\box49
\pgf@layerbox@main=\box50
\pgf@picture@serial@count=\count192
)
(/usr/local/texlive/2020/texmf-dist/tex/generic/pgf/basiclayer/pgfcoregraphicst
ate.code.tex
File: pgfcoregraphicstate.code.tex 2020/01/08 v3.1.5b (3.1.5b)
\pgflinewidth=\dimen176
)
(/usr/local/texlive/2020/texmf-dist/tex/generic/pgf/basiclayer/pgfcoretransform
ations.code.tex
File: pgfcoretransformations.code.tex 2020/01/08 v3.1.5b (3.1.5b)
\pgf@pt@x=\dimen177
\pgf@pt@y=\dimen178
\pgf@pt@temp=\dimen179
)
(/usr/local/texlive/2020/texmf-dist/tex/generic/pgf/basiclayer/pgfcorequick.cod
e.tex
File: pgfcorequick.code.tex 2020/01/08 v3.1.5b (3.1.5b)
)
(/usr/local/texlive/2020/texmf-dist/tex/generic/pgf/basiclayer/pgfcoreobjects.c
ode.tex
File: pgfcoreobjects.code.tex 2020/01/08 v3.1.5b (3.1.5b)
)
(/usr/local/texlive/2020/texmf-dist/tex/generic/pgf/basiclayer/pgfcorepathproce
ssing.code.tex
File: pgfcorepathprocessing.code.tex 2020/01/08 v3.1.5b (3.1.5b)
)
(/usr/local/texlive/2020/texmf-dist/tex/generic/pgf/basiclayer/pgfcorearrows.co
de.tex
File: pgfcorearrows.code.tex 2020/01/08 v3.1.5b (3.1.5b)
\pgfarrowsep=\dimen180
)
(/usr/local/texlive/2020/texmf-dist/tex/generic/pgf/basiclayer/pgfcoreshade.cod
e.tex
File: pgfcoreshade.code.tex 2020/01/08 v3.1.5b (3.1.5b)
\pgf@max=\dimen181
\pgf@sys@shading@range@num=\count193
\pgf@shadingcount=\count194
)
(/usr/local/texlive/2020/texmf-dist/tex/generic/pgf/basiclayer/pgfcoreimage.cod
e.tex
File: pgfcoreimage.code.tex 2020/01/08 v3.1.5b (3.1.5b)

(/usr/local/texlive/2020/texmf-dist/tex/generic/pgf/basiclayer/pgfcoreexternal.
code.tex
File: pgfcoreexternal.code.tex 2020/01/08 v3.1.5b (3.1.5b)
\pgfexternal@startupbox=\box51
))
(/usr/local/texlive/2020/texmf-dist/tex/generic/pgf/basiclayer/pgfcorelayers.co
de.tex
File: pgfcorelayers.code.tex 2020/01/08 v3.1.5b (3.1.5b)
)
(/usr/local/texlive/2020/texmf-dist/tex/generic/pgf/basiclayer/pgfcoretranspare
ncy.code.tex
File: pgfcoretransparency.code.tex 2020/01/08 v3.1.5b (3.1.5b)
)
(/usr/local/texlive/2020/texmf-dist/tex/generic/pgf/basiclayer/pgfcorepatterns.
code.tex
File: pgfcorepatterns.code.tex 2020/01/08 v3.1.5b (3.1.5b)
)
(/usr/local/texlive/2020/texmf-dist/tex/generic/pgf/basiclayer/pgfcorerdf.code.
tex
File: pgfcorerdf.code.tex 2020/01/08 v3.1.5b (3.1.5b)
)))
(/usr/local/texlive/2020/texmf-dist/tex/generic/pgf/modules/pgfmoduleshapes.cod
e.tex
File: pgfmoduleshapes.code.tex 2020/01/08 v3.1.5b (3.1.5b)
\pgfnodeparttextbox=\box52
)
(/usr/local/texlive/2020/texmf-dist/tex/generic/pgf/modules/pgfmoduleplot.code.
tex
File: pgfmoduleplot.code.tex 2020/01/08 v3.1.5b (3.1.5b)
)
(/usr/local/texlive/2020/texmf-dist/tex/latex/pgf/compatibility/pgfcomp-version
-0-65.sty
Package: pgfcomp-version-0-65 2020/01/08 v3.1.5b (3.1.5b)
\pgf@nodesepstart=\dimen182
\pgf@nodesepend=\dimen183
)
(/usr/local/texlive/2020/texmf-dist/tex/latex/pgf/compatibility/pgfcomp-version
-1-18.sty
Package: pgfcomp-version-1-18 2020/01/08 v3.1.5b (3.1.5b)
))
(/usr/local/texlive/2020/texmf-dist/tex/latex/pgf/utilities/pgffor.sty
(/usr/local/texlive/2020/texmf-dist/tex/latex/pgf/utilities/pgfkeys.sty
(/usr/local/texlive/2020/texmf-dist/tex/generic/pgf/utilities/pgfkeys.code.tex)
) (/usr/local/texlive/2020/texmf-dist/tex/latex/pgf/math/pgfmath.sty
(/usr/local/texlive/2020/texmf-dist/tex/generic/pgf/math/pgfmath.code.tex))
(/usr/local/texlive/2020/texmf-dist/tex/generic/pgf/utilities/pgffor.code.tex
Package: pgffor 2020/01/08 v3.1.5b (3.1.5b)

(/usr/local/texlive/2020/texmf-dist/tex/generic/pgf/math/pgfmath.code.tex)
\pgffor@iter=\dimen184
\pgffor@skip=\dimen185
\pgffor@stack=\toks29
\pgffor@toks=\toks30
))
(/usr/local/texlive/2020/texmf-dist/tex/generic/pgf/frontendlayer/tikz/tikz.cod
e.tex
Package: tikz 2020/01/08 v3.1.5b (3.1.5b)

(/usr/local/texlive/2020/texmf-dist/tex/generic/pgf/libraries/pgflibraryplothan
dlers.code.tex
File: pgflibraryplothandlers.code.tex 2020/01/08 v3.1.5b (3.1.5b)
\pgf@plot@mark@count=\count195
\pgfplotmarksize=\dimen186
)
\tikz@lastx=\dimen187
\tikz@lasty=\dimen188
\tikz@lastxsaved=\dimen189
\tikz@lastysaved=\dimen190
\tikz@lastmovetox=\dimen191
\tikz@lastmovetoy=\dimen192
\tikzleveldistance=\dimen193
\tikzsiblingdistance=\dimen194
\tikz@figbox=\box53
\tikz@figbox@bg=\box54
\tikz@tempbox=\box55
\tikz@tempbox@bg=\box56
\tikztreelevel=\count196
\tikznumberofchildren=\count197
\tikznumberofcurrentchild=\count198
\tikz@fig@count=\count199

(/usr/local/texlive/2020/texmf-dist/tex/generic/pgf/modules/pgfmodulematrix.cod
e.tex
File: pgfmodulematrix.code.tex 2020/01/08 v3.1.5b (3.1.5b)
\pgfmatrixcurrentrow=\count266
\pgfmatrixcurrentcolumn=\count267
\pgf@matrix@numberofcolumns=\count268
)
\tikz@expandcount=\count269

(/usr/local/texlive/2020/texmf-dist/tex/generic/pgf/frontendlayer/tikz/librarie
s/tikzlibrarytopaths.code.tex
File: tikzlibrarytopaths.code.tex 2020/01/08 v3.1.5b (3.1.5b)
)))
(/usr/local/texlive/2020/texmf-dist/tex/latex/fancyhdr/fancyhdr.sty
Package: fancyhdr 2019/01/31 v3.10 Extensive control of page headers and footer
s
\f@nch@headwidth=\skip49
\f@nch@O@elh=\skip50
\f@nch@O@erh=\skip51
\f@nch@O@olh=\skip52
\f@nch@O@orh=\skip53
\f@nch@O@elf=\skip54
\f@nch@O@erf=\skip55
\f@nch@O@olf=\skip56
\f@nch@O@orf=\skip57
)
(/usr/local/texlive/2020/texmf-dist/tex/latex/amsmath/amsmath.sty
Package: amsmath 2020/01/20 v2.17e AMS math features
\@mathmargin=\skip58

For additional information on amsmath, use the `?' option.
(/usr/local/texlive/2020/texmf-dist/tex/latex/amsmath/amstext.sty
Package: amstext 2000/06/29 v2.01 AMS text

(/usr/local/texlive/2020/texmf-dist/tex/latex/amsmath/amsgen.sty
File: amsgen.sty 1999/11/30 v2.0 generic functions
\@emptytoks=\toks31
\ex@=\dimen195
))
(/usr/local/texlive/2020/texmf-dist/tex/latex/amsmath/amsbsy.sty
Package: amsbsy 1999/11/29 v1.2d Bold Symbols
\pmbraise@=\dimen196
)
(/usr/local/texlive/2020/texmf-dist/tex/latex/amsmath/amsopn.sty
Package: amsopn 2016/03/08 v2.02 operator names
)
\inf@bad=\count270
LaTeX Info: Redefining \frac on input line 227.
\uproot@=\count271
\leftroot@=\count272
LaTeX Info: Redefining \overline on input line 389.
\classnum@=\count273
\DOTSCASE@=\count274
LaTeX Info: Redefining \ldots on input line 486.
LaTeX Info: Redefining \dots on input line 489.
LaTeX Info: Redefining \cdots on input line 610.
\Mathstrutbox@=\box57
\strutbox@=\box58
\big@size=\dimen197
LaTeX Font Info:    Redeclaring font encoding OML on input line 733.
LaTeX Font Info:    Redeclaring font encoding OMS on input line 734.
\macc@depth=\count275
\c@MaxMatrixCols=\count276
\dotsspace@=\muskip16
\c@parentequation=\count277
\dspbrk@lvl=\count278
\tag@help=\toks32
\row@=\count279
\column@=\count280
\maxfields@=\count281
\andhelp@=\toks33
\eqnshift@=\dimen198
\alignsep@=\dimen199
\tagshift@=\dimen256
\tagwidth@=\dimen257
\totwidth@=\dimen258
\lineht@=\dimen259
\@envbody=\toks34
\multlinegap=\skip59
\multlinetaggap=\skip60
\mathdisplay@stack=\toks35
LaTeX Info: Redefining \[ on input line 2859.
LaTeX Info: Redefining \] on input line 2860.
)
(/usr/local/texlive/2020/texmf-dist/tex/latex/siunitx/siunitx.sty
Package: siunitx 2020/02/25 v2.8b A comprehensive (SI) units package

(/usr/local/texlive/2020/texmf-dist/tex/latex/tools/array.sty
Package: array 2019/08/31 v2.4l Tabular extension package (FMi)
\col@sep=\dimen260
\ar@mcellbox=\box59
\extrarowheight=\dimen261
\NC@list=\toks36
\extratabsurround=\skip61
\backup@length=\skip62
\ar@cellbox=\box60
)
(/usr/local/texlive/2020/texmf-dist/tex/latex/l3packages/l3keys2e/l3keys2e.sty
Package: l3keys2e 2020-03-06 LaTeX2e option processing using LaTeX3 keys
)
\l__siunitx_tmp_box=\box61
\l__siunitx_tmp_dim=\dimen262
\l__siunitx_tmp_int=\count282
\l__siunitx_number_mantissa_length_int=\count283
\l__siunitx_number_uncert_length_int=\count284
\l__siunitx_round_int=\count285
\l__siunitx_process_decimal_int=\count286
\l__siunitx_process_uncertainty_int=\count287
\l__siunitx_process_fixed_int=\count288
\l__siunitx_process_integer_min_int=\count289
\l__siunitx_process_precision_int=\count290
\l__siunitx_group_min_int=\count291
\l__siunitx_angle_marker_box=\box62
\l__siunitx_angle_unit_box=\box63
\l__siunitx_angle_marker_dim=\dimen263
\l__siunitx_angle_unit_dim=\dimen264
\l__siunitx_unit_int=\count292
\l__siunitx_unit_denominator_int=\count293
\l__siunitx_unit_numerator_int=\count294
\l__siunitx_unit_prefix_int=\count295
\l__siunitx_unit_prefix_base_int=\count296
\l__siunitx_unit_prefix_gram_int=\count297
\l__siunitx_number_product_int=\count298
\c__siunitx_one_fill_skip=\skip63
\l__siunitx_table_unit_align_skip=\skip64
\l__siunitx_table_exponent_dim=\dimen265
\l__siunitx_table_integer_dim=\dimen266
\l__siunitx_table_mantissa_dim=\dimen267
\l__siunitx_table_marker_dim=\dimen268
\l__siunitx_table_result_dim=\dimen269
\l__siunitx_table_uncert_dim=\dimen270
\l__siunitx_table_fill_pre_dim=\dimen271
\l__siunitx_table_fill_post_dim=\dimen272
\l__siunitx_table_fill_mid_dim=\dimen273
\l__siunitx_table_pre_box=\box64
\l__siunitx_table_post_box=\box65
\l__siunitx_table_mantissa_box=\box66
\l__siunitx_table_result_box=\box67
\l__siunitx_table_number_align_skip=\skip65
\l__siunitx_table_text_align_skip=\skip66
(/usr/local/texlive/2020/texmf-dist/tex/latex/translator/translator.sty
Package: translator 2019-05-31 v1.12a Easy translation of strings in LaTeX
))
(/usr/local/texlive/2020/texmf-dist/tex/latex/was/gensymb.sty
Package: gensymb 2003/07/02 v1.0 (WaS)
)
(/usr/local/texlive/2020/texmf-dist/tex/latex/marvosym/marvosym.sty
Package: marvosym 2011/07/20 v2.2 Martin Vogel's Symbols font definitions
)
(/usr/local/texlive/2020/texmf-dist/tex/latex/enumitem/enumitem.sty
Package: enumitem 2019/06/20 v3.9 Customized lists
\labelindent=\skip67
\enit@outerparindent=\dimen274
\enit@toks=\toks37
\enit@inbox=\box68
\enit@count@id=\count299
\enitdp@description=\count300
)
(/usr/local/texlive/2020/texmf-dist/tex/latex/float/float.sty
Package: float 2001/11/08 v1.3d Float enhancements (AL)
\c@float@type=\count301
\float@exts=\toks38
\float@box=\box69
\@float@everytoks=\toks39
\@floatcapt=\box70
)
(/usr/local/texlive/2020/texmf-dist/tex/latex/framed/framed.sty
Package: framed 2011/10/22 v 0.96: framed or shaded text with page breaks
\OuterFrameSep=\skip68
\fb@frw=\dimen275
\fb@frh=\dimen276
\FrameRule=\dimen277
\FrameSep=\dimen278
)
(/usr/local/texlive/2020/texmf-dist/tex/latex/was/upgreek.sty
Package: upgreek 2003/02/12 v2.0 (WaS)
Package upgreek Info: Using Euler Roman for upright Greek on input line 31.
\symugrf@m=\mathgroup5
LaTeX Font Info:    Overwriting symbol font `ugrf@m' in version `bold'
(Font)                  U/eur/m/n --> U/eur/b/n on input line 38.
)
(/usr/local/texlive/2020/texmf-dist/tex/latex/units/nicefrac.sty
Package: nicefrac 1998/08/04 v0.9b Nice fractions
\L@UnitsRaiseDisplaystyle=\skip69
\L@UnitsRaiseTextstyle=\skip70
\L@UnitsRaiseScriptstyle=\skip71

(/usr/local/texlive/2020/texmf-dist/tex/latex/base/ifthen.sty
Package: ifthen 2014/09/29 v1.1c Standard LaTeX ifthen package (DPC)
))
(/usr/local/texlive/2020/texmf-dist/tex/latex/booktabs/booktabs.sty
Package: booktabs 2020/01/12 v1.61803398 Publication quality tables
\heavyrulewidth=\dimen279
\lightrulewidth=\dimen280
\cmidrulewidth=\dimen281
\belowrulesep=\dimen282
\belowbottomsep=\dimen283
\aboverulesep=\dimen284
\abovetopsep=\dimen285
\cmidrulesep=\dimen286
\cmidrulekern=\dimen287
\defaultaddspace=\dimen288
\@cmidla=\count302
\@cmidlb=\count303
\@aboverulesep=\dimen289
\@belowrulesep=\dimen290
\@thisruleclass=\count304
\@lastruleclass=\count305
\@thisrulewidth=\dimen291
)
(/usr/local/texlive/2020/texmf-dist/tex/latex/tools/tabularx.sty
Package: tabularx 2020/01/15 v2.11c `tabularx' package (DPC)
\TX@col@width=\dimen292
\TX@old@table=\dimen293
\TX@old@col=\dimen294
\TX@target=\dimen295
\TX@delta=\dimen296
\TX@cols=\count306
\TX@ftn=\toks40
)
(/usr/local/texlive/2020/texmf-dist/tex/latex/multirow/multirow.sty
Package: multirow 2019/05/31 v2.5 Span multiple rows of a table
\multirow@colwidth=\skip72
\multirow@cntb=\count307
\multirow@dima=\skip73
\bigstrutjot=\dimen297
)
(/usr/local/texlive/2020/texmf-dist/tex/latex/threeparttable/threeparttable.sty
Package: threeparttable 2003/06/13  v 3.0
\@tempboxb=\box71
) (/usr/local/texlive/2020/texmf-dist/tex/latex/caption/subcaption.sty
Package: subcaption 2020/01/22 v1.3d Sub-captions (AR)

(/usr/local/texlive/2020/texmf-dist/tex/latex/caption/caption.sty
Package: caption 2020/01/03 v3.4h Customizing captions (AR)

(/usr/local/texlive/2020/texmf-dist/tex/latex/caption/caption3.sty
Package: caption3 2020/01/03 v1.8h caption3 kernel (AR)
Package caption3 Info: TeX engine: e-TeX on input line 61.
\captionmargin=\dimen298
\captionmargin@=\dimen299
\captionwidth=\dimen300
\caption@tempdima=\dimen301
\caption@indent=\dimen302
\caption@parindent=\dimen303
\caption@hangindent=\dimen304
Package caption Info: Standard document class detected.
)
\c@caption@flags=\count308
\c@continuedfloat=\count309
Package caption Info: float package is loaded.
Package caption Info: threeparttable package is loaded.
)
\c@subfigure=\count310
\c@subtable=\count311
)
(/usr/local/texlive/2020/texmf-dist/tex/latex/chemmacros/chemmacros.sty
Package: chemmacros 2020/03/07 v5.11 comprehensive support for typesetting chem
istry documents (CN)

(/usr/local/texlive/2020/texmf-dist/tex/latex/chemmacros/chemmacros5.sty
Package: chemmacros5 2020/03/07 v5.11 comprehensive support for typesetting che
mistry documents (CN)
\l__chemmacros_tmpa_dim=\dimen305
\l__chemmacros_tmpb_dim=\dimen306
\l__chemmacros_tmpc_dim=\dimen307
\l__chemmacros_tmpa_int=\count312
\l__chemmacros_tmpb_int=\count313
\l__chemmacros_tmpc_int=\count314
\l__chemmacros_tmpa_box=\box72
\l__chemmacros_tmpb_box=\box73
\l__chemmacros_tmpc_box=\box74
(chemmacros)    Loading module `base'...

(/usr/local/texlive/2020/texmf-dist/tex/latex/chemmacros/chemmacros.module.base
.code.tex
File: chemmacros.module.base.code.tex 2020/03/07 v5.11 chemmacros module `base'
 2020/02/02 basic chemmacros module
 (/usr/local/texlive/2020/texmf-dist/tex/latex/etoolbox/etoolbox.sty
Package: etoolbox 2019/09/21 v2.5h e-TeX tools for LaTeX (JAW)
\etb@tempcnta=\count315
)
(/usr/local/texlive/2020/texmf-dist/tex/latex/koma-script/scrlfile.sty
Package: scrlfile 2020/01/24 v3.29 KOMA-Script package (loading files)
)
(/usr/local/texlive/2020/texmf-dist/tex/latex/tools/bm.sty
Package: bm 2019/07/24 v1.2d Bold Symbol Support (DPC/FMi)
\symboldoperators=\mathgroup6
\symboldletters=\mathgroup7
\symboldsymbols=\mathgroup8
\symboldupright=\mathgroup9
LaTeX Font Info:    Redeclaring math alphabet \mathbf on input line 141.
LaTeX Info: Redefining \bm on input line 209.
)
(chemmacros)    Loading module `errorcheck'...

(/usr/local/texlive/2020/texmf-dist/tex/latex/chemmacros/chemmacros.module.erro
rcheck.code.tex
File: chemmacros.module.errorcheck.code.tex 2020/03/07 v5.11 chemmacros module 
`errorcheck' 2016/10/05 error checking for unloaded modules
))
(chemmacros)    Loading module `lang'...

(/usr/local/texlive/2020/texmf-dist/tex/latex/chemmacros/chemmacros.module.lang
.code.tex
File: chemmacros.module.lang.code.tex 2020/03/07 v5.11 chemmacros module `lang'
 2016/05/31 language settings for chemmacros

(/usr/local/texlive/2020/texmf-dist/tex/latex/translations/translations.sty
Package: translations 2018/02/28 v1.8 internationalization of LaTeX2e packages 
(CN)

(/usr/local/texlive/2020/texmf-dist/tex/latex/pdftexcmds/pdftexcmds.sty
Package: pdftexcmds 2019/11/24 v0.31 Utility functions of pdfTeX for LuaTeX (HO
)

(/usr/local/texlive/2020/texmf-dist/tex/generic/infwarerr/infwarerr.sty
Package: infwarerr 2019/12/03 v1.5 Providing info/warning/error messages (HO)
)
(/usr/local/texlive/2020/texmf-dist/tex/generic/ltxcmds/ltxcmds.sty
Package: ltxcmds 2019/12/15 v1.24 LaTeX kernel commands for general use (HO)
)
Package pdftexcmds Info: \pdf@primitive is available.
Package pdftexcmds Info: \pdf@ifprimitive is available.
Package pdftexcmds Info: \pdfdraftmode not found.
)))
(chemmacros)    Loading module `greek'...

(/usr/local/texlive/2020/texmf-dist/tex/latex/chemmacros/chemmacros.module.gree
k.code.tex
File: chemmacros.module.greek.code.tex 2020/03/07 v5.11 chemmacros module `gree
k' 2020/02/02 upright greek symbols

(/usr/local/texlive/2020/texmf-dist/tex/latex/chemgreek/chemgreek.sty
Package: chemgreek 2020/01/16 v1.1a interface for upright Greek letters for use
 in chemistry (CN)
\l__chemgreek_tmpa_int=\count316
\g__chemgreek_tmpa_int=\count317
))
(chemmacros)    Loading module `chemformula'...

(/usr/local/texlive/2020/texmf-dist/tex/latex/chemmacros/chemmacros.module.chem
formula.code.tex
File: chemmacros.module.chemformula.code.tex 2020/03/07 v5.11 chemmacros module
 `chemformula' 2020/02/02 integration of chemical formulas
(chemmacros)    Loading module `charges'...

(/usr/local/texlive/2020/texmf-dist/tex/latex/chemmacros/chemmacros.module.char
ges.code.tex
File: chemmacros.module.charges.code.tex 2020/03/07 v5.11 chemmacros module `ch
arges' 2015/07/30 charges
))
(chemmacros)    Loading module `acid-base'...

(/usr/local/texlive/2020/texmf-dist/tex/latex/chemmacros/chemmacros.module.acid
-base.code.tex
File: chemmacros.module.acid-base.code.tex 2020/03/07 v5.11 chemmacros module `
acid-base' 2018/02/22 acid/base
)
(chemmacros)    Loading module `symbols'...

(/usr/local/texlive/2020/texmf-dist/tex/latex/chemmacros/chemmacros.module.symb
ols.code.tex
File: chemmacros.module.symbols.code.tex 2020/03/07 v5.11 chemmacros module `sy
mbols' 2015/06/09 symbols
)
(chemmacros)    Loading module `particles'...

(/usr/local/texlive/2020/texmf-dist/tex/latex/chemmacros/chemmacros.module.part
icles.code.tex
File: chemmacros.module.particles.code.tex 2020/03/07 v5.11 chemmacros module `
particles' 2016/04/02 particles
\l__chemmacros_nucleophile_dim=\dimen308
)
(chemmacros)    Loading module `phases'...

(/usr/local/texlive/2020/texmf-dist/tex/latex/chemmacros/chemmacros.module.phas
es.code.tex
File: chemmacros.module.phases.code.tex 2020/03/07 v5.11 chemmacros module `pha
ses' 2016/05/31 phase descriptors
\l__chemmacros_phases_space_dim=\dimen309
)
(chemmacros)    Loading module `nomenclature'...

(/usr/local/texlive/2020/texmf-dist/tex/latex/chemmacros/chemmacros.module.nome
nclature.code.tex
File: chemmacros.module.nomenclature.code.tex 2020/03/07 v5.11 chemmacros modul
e `nomenclature' 2017/06/11 chemical names
(chemmacros)    Loading module `tikz'...

(/usr/local/texlive/2020/texmf-dist/tex/latex/chemmacros/chemmacros.module.tikz
.code.tex
File: chemmacros.module.tikz.code.tex 2020/03/07 v5.11 chemmacros module `tikz'
 2015/10/26 upright greek symbols

(/usr/local/texlive/2020/texmf-dist/tex/generic/pgf/frontendlayer/tikz/librarie
s/tikzlibrarycalc.code.tex
File: tikzlibrarycalc.code.tex 2020/01/08 v3.1.5b (3.1.5b)
)
(/usr/local/texlive/2020/texmf-dist/tex/generic/pgf/frontendlayer/tikz/librarie
s/tikzlibrarydecorations.pathmorphing.code.tex
(/usr/local/texlive/2020/texmf-dist/tex/generic/pgf/frontendlayer/tikz/librarie
s/tikzlibrarydecorations.code.tex
(/usr/local/texlive/2020/texmf-dist/tex/generic/pgf/modules/pgfmoduledecoration
s.code.tex
\pgfdecoratedcompleteddistance=\dimen310
\pgfdecoratedremainingdistance=\dimen311
\pgfdecoratedinputsegmentcompleteddistance=\dimen312
\pgfdecoratedinputsegmentremainingdistance=\dimen313
\pgf@decorate@distancetomove=\dimen314
\pgf@decorate@repeatstate=\count318
\pgfdecorationsegmentamplitude=\dimen315
\pgfdecorationsegmentlength=\dimen316
)
\tikz@lib@dec@box=\box75
)
(/usr/local/texlive/2020/texmf-dist/tex/generic/pgf/libraries/decorations/pgfli
brarydecorations.pathmorphing.code.tex))
\l__chemmacros_el_length_dim=\dimen317
)
\l__chemmacros_cip_kern_dim=\dimen318
\l__chemmacros_iupac_hyphen_pre_dim=\dimen319
\l__chemmacros_iupac_hyphen_post_dim=\dimen320
\l__chemmacros_iupac_break_dim=\dimen321
\l__chemmacros_iupac_break_skip=\skip74
)))
(/usr/local/texlive/2020/texmf-dist/tex/latex/newfloat/newfloat.sty
Package: newfloat 2019/09/02 v1.1l Defining new floating environments (AR)
Package newfloat Info: Document class `book' detected.
)
Package newfloat Info: New float `plate' with options `' on input line 57.
\c@plate=\count319
Package newfloat Info: float type `plate'=4 on input line 57.
\c@subplate=\count320
Package newfloat Info: New float `Appendix' with options `' on input line 58.
\c@Appendix=\count321
Package newfloat Info: float type `Appendix'=8 on input line 58.
\c@subAppendix=\count322

(/usr/local/texlive/2020/texmf-dist/tex/latex/hyperref/hyperref.sty
Package: hyperref 2020/01/14 v7.00d Hypertext links for LaTeX

(/usr/local/texlive/2020/texmf-dist/tex/generic/kvsetkeys/kvsetkeys.sty
Package: kvsetkeys 2019/12/15 v1.18 Key value parser (HO)
)
(/usr/local/texlive/2020/texmf-dist/tex/generic/kvdefinekeys/kvdefinekeys.sty
Package: kvdefinekeys 2019-12-19 v1.6 Define keys (HO)
)
(/usr/local/texlive/2020/texmf-dist/tex/generic/pdfescape/pdfescape.sty
Package: pdfescape 2019/12/09 v1.15 Implements pdfTeX's escape features (HO)
)
(/usr/local/texlive/2020/texmf-dist/tex/latex/hycolor/hycolor.sty
Package: hycolor 2020-01-27 v1.10 Color options for hyperref/bookmark (HO)
)
(/usr/local/texlive/2020/texmf-dist/tex/latex/letltxmacro/letltxmacro.sty
Package: letltxmacro 2019/12/03 v1.6 Let assignment for LaTeX macros (HO)
)
(/usr/local/texlive/2020/texmf-dist/tex/latex/auxhook/auxhook.sty
Package: auxhook 2019-12-17 v1.6 Hooks for auxiliary files (HO)
)
(/usr/local/texlive/2020/texmf-dist/tex/latex/kvoptions/kvoptions.sty
Package: kvoptions 2019/11/29 v3.13 Key value format for package options (HO)
)
\@linkdim=\dimen322
\Hy@linkcounter=\count323
\Hy@pagecounter=\count324

(/usr/local/texlive/2020/texmf-dist/tex/latex/hyperref/pd1enc.def
File: pd1enc.def 2020/01/14 v7.00d Hyperref: PDFDocEncoding definition (HO)
)
(/usr/local/texlive/2020/texmf-dist/tex/generic/intcalc/intcalc.sty
Package: intcalc 2019/12/15 v1.3 Expandable calculations with integers (HO)
)
(/usr/local/texlive/2020/texmf-dist/tex/generic/etexcmds/etexcmds.sty
Package: etexcmds 2019/12/15 v1.7 Avoid name clashes with e-TeX commands (HO)
)
\Hy@SavedSpaceFactor=\count325
Package hyperref Info: Hyper figures OFF on input line 4547.
Package hyperref Info: Link nesting OFF on input line 4552.
Package hyperref Info: Hyper index ON on input line 4555.
Package hyperref Info: Plain pages OFF on input line 4562.
Package hyperref Info: Backreferencing OFF on input line 4567.
Package hyperref Info: Implicit mode ON; LaTeX internals redefined.
Package hyperref Info: Bookmarks ON on input line 4800.
\c@Hy@tempcnt=\count326

(/usr/local/texlive/2020/texmf-dist/tex/latex/url/url.sty
\Urlmuskip=\muskip17
Package: url 2013/09/16  ver 3.4  Verb mode for urls, etc.
)
LaTeX Info: Redefining \url on input line 5159.
\XeTeXLinkMargin=\dimen323

(/usr/local/texlive/2020/texmf-dist/tex/generic/bitset/bitset.sty
Package: bitset 2019/12/09 v1.3 Handle bit-vector datatype (HO)

(/usr/local/texlive/2020/texmf-dist/tex/generic/bigintcalc/bigintcalc.sty
Package: bigintcalc 2019/12/15 v1.5 Expandable calculations on big integers (HO
)
))
\Fld@menulength=\count327
\Field@Width=\dimen324
\Fld@charsize=\dimen325
Package hyperref Info: Hyper figures OFF on input line 6430.
Package hyperref Info: Link nesting OFF on input line 6435.
Package hyperref Info: Hyper index ON on input line 6438.
Package hyperref Info: backreferencing OFF on input line 6445.
Package hyperref Info: Link coloring OFF on input line 6450.
Package hyperref Info: Link coloring with OCG OFF on input line 6455.
Package hyperref Info: PDF/A mode OFF on input line 6460.
LaTeX Info: Redefining \ref on input line 6500.
LaTeX Info: Redefining \pageref on input line 6504.

(/usr/local/texlive/2020/texmf-dist/tex/generic/atbegshi/atbegshi.sty
Package: atbegshi 2019/12/05 v1.19 At begin shipout hook (HO)
)
\Hy@abspage=\count328
\c@Item=\count329
\c@Hfootnote=\count330
)
Package hyperref Info: Driver (autodetected): hxetex.

(/usr/local/texlive/2020/texmf-dist/tex/latex/hyperref/hxetex.def
File: hxetex.def 2020/01/14 v7.00d Hyperref driver for XeTeX

(/usr/local/texlive/2020/texmf-dist/tex/latex/hyperref/puenc.def
File: puenc.def 2020/01/14 v7.00d Hyperref: PDF Unicode definition (HO)
)
(/usr/local/texlive/2020/texmf-dist/tex/generic/stringenc/stringenc.sty
Package: stringenc 2019/11/29 v1.12 Convert strings between diff. encodings (HO
)
)
\pdfm@box=\box76
\c@Hy@AnnotLevel=\count331
\HyField@AnnotCount=\count332
\Fld@listcount=\count333
\c@bookmark@seq@number=\count334

(/usr/local/texlive/2020/texmf-dist/tex/latex/rerunfilecheck/rerunfilecheck.sty
Package: rerunfilecheck 2019/12/05 v1.9 Rerun checks for auxiliary files (HO)
(/usr/local/texlive/2020/texmf-dist/tex/latex/atveryend/atveryend.sty
Package: atveryend 2019-12-11 v1.11 Hooks at the very end of document (HO)
)
(/usr/local/texlive/2020/texmf-dist/tex/generic/uniquecounter/uniquecounter.sty
Package: uniquecounter 2019/12/15 v1.4 Provide unlimited unique counter (HO)
)
Package uniquecounter Info: New unique counter `rerunfilecheck' on input line 2
86.
)
\Hy@SectionHShift=\skip75
)
Package hyperref Info: Option `colorlinks' set `true' on input line 66.
 (/usr/local/texlive/2020/texmf-dist/tex/latex/cleveref/cleveref.sty
Package: cleveref 2018/03/27 v0.21.4 Intelligent cross-referencing
Package cleveref Info: `hyperref' support loaded on input line 2370.
LaTeX Info: Redefining \cref on input line 2370.
LaTeX Info: Redefining \Cref on input line 2370.
LaTeX Info: Redefining \crefrange on input line 2370.
LaTeX Info: Redefining \Crefrange on input line 2370.
LaTeX Info: Redefining \cpageref on input line 2370.
LaTeX Info: Redefining \Cpageref on input line 2370.
LaTeX Info: Redefining \cpagerefrange on input line 2370.
LaTeX Info: Redefining \Cpagerefrange on input line 2370.
LaTeX Info: Redefining \labelcref on input line 2370.
LaTeX Info: Redefining \labelcpageref on input line 2370.
Package cleveref Info: include cross-reference names in hyperlinks on input lin
e 7836.
Package cleveref Info: include cross-reference names in hyperlinks on input lin
e 7852.
)
(/usr/local/texlive/2020/texmf-dist/tex/latex/biblatex/biblatex.sty
Package: biblatex 2019/12/01 v3.14 programmable bibliographies (PK/MW)

(/usr/local/texlive/2020/texmf-dist/tex/latex/logreq/logreq.sty
Package: logreq 2010/08/04 v1.0 xml request logger
\lrq@indent=\count335

(/usr/local/texlive/2020/texmf-dist/tex/latex/logreq/logreq.def
File: logreq.def 2010/08/04 v1.0 logreq spec v1.0
))
\c@tabx@nest=\count336
\c@listtotal=\count337
\c@listcount=\count338
\c@liststart=\count339
\c@liststop=\count340
\c@citecount=\count341
\c@citetotal=\count342
\c@multicitecount=\count343
\c@multicitetotal=\count344
\c@instcount=\count345
\c@maxnames=\count346
\c@minnames=\count347
\c@maxitems=\count348
\c@minitems=\count349
\c@citecounter=\count350
\c@maxcitecounter=\count351
\c@savedcitecounter=\count352
\c@uniquelist=\count353
\c@uniquename=\count354
\c@refsection=\count355
\c@refsegment=\count356
\c@maxextratitle=\count357
\c@maxextratitleyear=\count358
\c@maxextraname=\count359
\c@maxextradate=\count360
\c@maxextraalpha=\count361
\c@abbrvpenalty=\count362
\c@highnamepenalty=\count363
\c@lownamepenalty=\count364
\c@maxparens=\count365
\c@parenlevel=\count366
\blx@tempcnta=\count367
\blx@tempcntb=\count368
\blx@tempcntc=\count369
\blx@maxsection=\count370
\blx@maxsegment@0=\count371
\blx@notetype=\count372
\blx@parenlevel@text=\count373
\blx@parenlevel@foot=\count374
\blx@sectionciteorder@0=\count375
\blx@entrysetcounter=\count376
\labelnumberwidth=\skip76
\labelalphawidth=\skip77
\biblabelsep=\skip78
\bibitemsep=\skip79
\bibnamesep=\skip80
\bibinitsep=\skip81
\bibparsep=\skip82
\bibhang=\skip83
\blx@bcfin=\read3
\blx@bcfout=\write4
\blx@langwohyphens=\language86
\c@mincomprange=\count377
\c@maxcomprange=\count378
\c@mincompwidth=\count379
Package biblatex Info: Trying to load biblatex default data model...
Package biblatex Info: ... file 'blx-dm.def' found.

(/usr/local/texlive/2020/texmf-dist/tex/latex/biblatex/blx-dm.def
File: blx-dm.def 2019/12/01 v3.14 biblatex localization (PK/MW)
)
Package biblatex Info: Trying to load biblatex style data model...
Package biblatex Info: ... file 'apa.dbx' found.

(/usr/local/texlive/2020/texmf-dist/tex/latex/biblatex-apa/apa.dbx
File: apa.dbx 2020/02/22 v9.6 APA biblatex style data model
)
Package biblatex Info: Trying to load biblatex custom data model...
Package biblatex Info: ... file 'biblatex-dm.cfg' not found.
\c@afterword=\count380
\c@savedafterword=\count381
\c@annotator=\count382
\c@savedannotator=\count383
\c@author=\count384
\c@savedauthor=\count385
\c@bookauthor=\count386
\c@savedbookauthor=\count387
\c@commentator=\count388
\c@savedcommentator=\count389
\c@editor=\count390
\c@savededitor=\count391
\c@editora=\count392
\c@savededitora=\count393
\c@editorb=\count394
\c@savededitorb=\count395
\c@editorc=\count396
\c@savededitorc=\count397
\c@foreword=\count398
\c@savedforeword=\count399
\c@holder=\count400
\c@savedholder=\count401
\c@introduction=\count402
\c@savedintroduction=\count403
\c@namea=\count404
\c@savednamea=\count405
\c@nameb=\count406
\c@savednameb=\count407
\c@namec=\count408
\c@savednamec=\count409
\c@translator=\count410
\c@savedtranslator=\count411
\c@shortauthor=\count412
\c@savedshortauthor=\count413
\c@shorteditor=\count414
\c@savedshorteditor=\count415
\c@groupauthor=\count416
\c@savedgroupauthor=\count417
\c@narrator=\count418
\c@savednarrator=\count419
\c@execproducer=\count420
\c@savedexecproducer=\count421
\c@execdirector=\count422
\c@savedexecdirector=\count423
\c@with=\count424
\c@savedwith=\count425
\c@labelname=\count426
\c@savedlabelname=\count427
\c@institution=\count428
\c@savedinstitution=\count429
\c@lista=\count430
\c@savedlista=\count431
\c@listb=\count432
\c@savedlistb=\count433
\c@listc=\count434
\c@savedlistc=\count435
\c@listd=\count436
\c@savedlistd=\count437
\c@liste=\count438
\c@savedliste=\count439
\c@listf=\count440
\c@savedlistf=\count441
\c@location=\count442
\c@savedlocation=\count443
\c@organization=\count444
\c@savedorganization=\count445
\c@origlocation=\count446
\c@savedoriglocation=\count447
\c@origpublisher=\count448
\c@savedorigpublisher=\count449
\c@publisher=\count450
\c@savedpublisher=\count451
\c@language=\count452
\c@savedlanguage=\count453
\c@origlanguage=\count454
\c@savedoriglanguage=\count455
\c@citation=\count456
\c@savedcitation=\count457
\c@pageref=\count458
\c@savedpageref=\count459
\shorthandwidth=\skip84
\shortjournalwidth=\skip85
\shortserieswidth=\skip86
\shorttitlewidth=\skip87
\shortauthorwidth=\skip88
\shorteditorwidth=\skip89
\locallabelnumberwidth=\skip90
\locallabelalphawidth=\skip91
\localshorthandwidth=\skip92
\localshortjournalwidth=\skip93
\localshortserieswidth=\skip94
\localshorttitlewidth=\skip95
\localshortauthorwidth=\skip96
\localshorteditorwidth=\skip97
Package biblatex Info: Trying to load enhanced support for Unicode engines...
Package biblatex Info: ... file 'blx-unicode.def' found.

(/usr/local/texlive/2020/texmf-dist/tex/latex/biblatex/blx-unicode.def)
Package biblatex Info: Trying to load compatibility code...
Package biblatex Info: ... file 'blx-compat.def' found.

(/usr/local/texlive/2020/texmf-dist/tex/latex/biblatex/blx-compat.def
File: blx-compat.def 2019/12/01 v3.14 biblatex compatibility (PK/MW)
)
Package biblatex Info: Trying to load generic definitions...
Package biblatex Info: ... file 'biblatex.def' found.

(/usr/local/texlive/2020/texmf-dist/tex/latex/biblatex/biblatex.def
File: biblatex.def 2019/12/01 v3.14 biblatex compatibility (PK/MW)
\c@textcitecount=\count460
\c@textcitetotal=\count461
\c@textcitemaxnames=\count462
\c@biburlbigbreakpenalty=\count463
\c@biburlbreakpenalty=\count464
\c@biburlnumpenalty=\count465
\c@biburlucpenalty=\count466
\c@biburllcpenalty=\count467
\biburlbigskip=\muskip18
\biburlnumskip=\muskip19
\biburlucskip=\muskip20
\biburllcskip=\muskip21
\c@smartand=\count468
)
Package biblatex Info: Trying to load bibliography style 'apa'...
Package biblatex Info: ... file 'apa.bbx' found.

(/usr/local/texlive/2020/texmf-dist/tex/latex/biblatex-apa/apa.bbx
File: apa.bbx 2020/02/22 v9.6 APA biblatex references style
Package biblatex Info: Trying to load bibliography style 'standard'...
Package biblatex Info: ... file 'standard.bbx' found.

(/usr/local/texlive/2020/texmf-dist/tex/latex/biblatex/bbx/standard.bbx
File: standard.bbx 2019/12/01 v3.14 biblatex bibliography style (PK/MW)
\c@bbx:relatedcount=\count469
\c@bbx:relatedtotal=\count470
))
Package biblatex Info: Trying to load citation style 'apa'...
Package biblatex Info: ... file 'apa.cbx' found.

(/usr/local/texlive/2020/texmf-dist/tex/latex/biblatex-apa/apa.cbx
File: apa.cbx 2020/02/22 v9.6 APA biblatex citation style
Package biblatex Info: Delimiter 'nameyeardelim' in context '' already defined,
 overwriting.
Package biblatex Info: Delimiter 'nameyeardelim' in context 'textcite' already 
defined, overwriting.
Package biblatex Info: Delimiter 'andothersdelim' in context '' already defined
, overwriting.
Package biblatex Info: Redefining '\parencite'.
Package biblatex Info: Redefining '\fullcite'.
Package biblatex Info: Redefining '\citeyear'.
Package biblatex Info: Redefining '\cite'.
Package biblatex Info: Redefining '\footcite'.
Package biblatex Info: Redefining '\textcites'.
Package biblatex Info: Redefining '\cites'.
Package biblatex Info: Redefining '\parencites'.
Package biblatex Info: Redefining '\footcites'.
Package biblatex Info: Redefining '\footcitetexts'.
Package biblatex Info: Redefining '\smartcites'.
Package biblatex Info: Redefining '\textcite'.
Package biblatex Info: Redefining '\citeauthor'.
)
Package biblatex Info: Trying to load configuration file...
Package biblatex Info: ... file 'biblatex.cfg' found.

(/usr/local/texlive/2020/texmf-dist/tex/latex/biblatex/biblatex.cfg
File: biblatex.cfg 
))
(/usr/local/texlive/2020/texmf-dist/tex/latex/titlesec/titlesec.sty
Package: titlesec 2019/10/16 v2.13 Sectioning titles
\ttl@box=\box77
\beforetitleunit=\skip98
\aftertitleunit=\skip99
\ttl@plus=\dimen326
\ttl@minus=\dimen327
\ttl@toksa=\toks41
\titlewidth=\dimen328
\titlewidthlast=\dimen329
\titlewidthfirst=\dimen330
)
(/usr/local/texlive/2020/texmf-dist/tex/latex/titlesec/titletoc.sty
Package: titletoc 2019/10/16 v2.13 TOC entries
\ttl@leftsep=\dimen331
)
(/usr/local/texlive/2020/texmf-dist/tex/latex/setspace/setspace.sty
Package: setspace 2011/12/19 v6.7a set line spacing
))
Package translations Info: No language package found. I am going to use `englis
h' as default language. on input line 7.

Package chemmacros Info: You haven't chosen a formula method so I'm assuming
(chemmacros)             the default method `chemformula'.


(/usr/local/texlive/2020/texmf-dist/tex/latex/chemformula/chemformula.sty
(/usr/local/texlive/2020/texmf-dist/tex/latex/l3packages/xfrac/xfrac.sty
(/usr/local/texlive/2020/texmf-dist/tex/latex/base/textcomp.sty
Package: textcomp 2020/02/02 v2.0n Standard LaTeX package
)
(/usr/local/texlive/2020/texmf-dist/tex/latex/l3packages/xtemplate/xtemplate.st
y
Package: xtemplate 2020-03-06 L3 Experimental prototype document functions
\l__xtemplate_tmp_dim=\dimen332
\l__xtemplate_tmp_int=\count471
\l__xtemplate_tmp_muskip=\muskip22
\l__xtemplate_tmp_skip=\skip100
)
Package: xfrac 2020-03-06 L3 Experimental split-level fractions
\l__xfrac_slash_box=\box78
\l__xfrac_tmp_box=\box79
\l__xfrac_denominator_bot_sep_dim=\dimen333
\l__xfrac_numerator_bot_sep_dim=\dimen334
\l__xfrac_numerator_top_sep_dim=\dimen335
\l__xfrac_slash_left_sep_dim=\dimen336
\l__xfrac_slash_right_sep_dim=\dimen337
\l__xfrac_slash_left_muskip=\muskip23
\l__xfrac_slash_right_muskip=\muskip24

Package xtemplate Info: Declaring object type 'xfrac' taking 3 argument(s) on
(xtemplate)             line 80.

)
(/usr/local/texlive/2020/texmf-dist/tex/generic/pgf/libraries/pgflibraryarrows.
meta.code.tex
File: pgflibraryarrows.meta.code.tex 2020/01/08 v3.1.5b (3.1.5b)
\pgfarrowinset=\dimen338
\pgfarrowlength=\dimen339
\pgfarrowwidth=\dimen340
\pgfarrowlinewidth=\dimen341
)
Package: chemformula 2020/03/07 v4.15j typeset chemical compounds and reactions
 (CN)
\l__chemformula_tmpa_dim=\dimen342
\l__chemformula_tmpb_dim=\dimen343
\l__chemformula_tmpc_dim=\dimen344
\l__chemformula_tmpa_int=\count472
\l__chemformula_tmpb_int=\count473
\l__chemformula_tmpc_int=\count474
\l__chemformula_tmpa_box=\box80
\l__chemformula_tmpb_box=\box81
\l__chemformula_arrow_length_dim=\dimen345
\l__chemformula_arrow_label_height_dim=\dimen346
\l__chemformula_arrow_label_offset_dim=\dimen347
\l__chemformula_arrow_minimum_length_dim=\dimen348
\l__chemformula_arrow_shortage_dim=\dimen349
\l__chemformula_arrow_offset_dim=\dimen350
\l__chemformula_arrow_yshift_dim=\dimen351
\l__chemformula_radical_radius_dim=\dimen352
\l__chemformula_radical_hshift_dim=\dimen353
\l__chemformula_radical_vshift_dim=\dimen354
\l__chemformula_radical_space_dim=\dimen355
\l__chemformula_arrow_head_dim=\dimen356
\l__chemformula_name_dim=\dimen357
\l__chemformula_adduct_space_dim=\dimen358
\l__chemformula_charge_shift_dim=\dimen359
\l__chemformula_subscript_shift_dim=\dimen360
\l__chemformula_superscript_shift_dim=\dimen361
\l__chemformula_subscript_dim=\dimen362
\l__chemformula_superscript_dim=\dimen363
\l__chemformula_bond_dim=\dimen364
\l__chemformula_bond_space_dim=\dimen365
\l__chemformula_elspec_pair_distance_dim=\dimen366
\l__chemformula_elspec_pair_line_length_dim=\dimen367
\l__chemformula_elspec_pair_width_dim=\dimen368
\l__chemformula_kroegervink_positive_radius_dim=\dimen369
\l__chemformula_kroegervink_positive_hshift_dim=\dimen370
\l__chemformula_kroegervink_positive_vshift_dim=\dimen371
\l__chemformula_kroegervink_positive_space_dim=\dimen372
\l__chemformula_stoich_space_skip=\skip101
\l__chemformula_math_space_skip=\skip102
\l__chemformula_count_tokens_int=\count475
\g__chemformula_lewis_int=\count476
\l__chemformula_arrow_arg_i_box=\box82
\l__chemformula_arrow_arg_ii_box=\box83
\l__chemformula_superscript_box=\box84
\l__chemformula_subscript_box=\box85
\l__chemformula_additions_symbol_space_skip=\skip103
\l__chemformula_plus_space_skip=\skip104
\l__chemformula_minus_space_skip=\skip105
)
\@quotelevel=\count477
\@quotereset=\count478
 (./review.aux)
\openout1 = `review.aux'.

LaTeX Font Info:    Checking defaults for OML/cmm/m/it on input line 7.
LaTeX Font Info:    ... okay on input line 7.
LaTeX Font Info:    Checking defaults for OMS/cmsy/m/n on input line 7.
LaTeX Font Info:    ... okay on input line 7.
LaTeX Font Info:    Checking defaults for OT1/cmr/m/n on input line 7.
LaTeX Font Info:    ... okay on input line 7.
LaTeX Font Info:    Checking defaults for T1/cmr/m/n on input line 7.
LaTeX Font Info:    ... okay on input line 7.
LaTeX Font Info:    Checking defaults for TS1/cmr/m/n on input line 7.
LaTeX Font Info:    Trying to load font information for TS1+cmr on input line 7
.

(/usr/local/texlive/2020/texmf-dist/tex/latex/base/ts1cmr.fd
File: ts1cmr.fd 2019/12/16 v2.5j Standard LaTeX font definitions
)
LaTeX Font Info:    ... okay on input line 7.
LaTeX Font Info:    Checking defaults for TU/lmr/m/n on input line 7.
LaTeX Font Info:    ... okay on input line 7.
LaTeX Font Info:    Checking defaults for OMX/cmex/m/n on input line 7.
LaTeX Font Info:    ... okay on input line 7.
LaTeX Font Info:    Checking defaults for U/cmr/m/n on input line 7.
LaTeX Font Info:    ... okay on input line 7.
LaTeX Font Info:    Checking defaults for PD1/pdf/m/n on input line 7.
LaTeX Font Info:    ... okay on input line 7.
LaTeX Font Info:    Checking defaults for PU/pdf/m/n on input line 7.
LaTeX Font Info:    ... okay on input line 7.

*geometry* driver: auto-detecting
*geometry* detected driver: xetex
*geometry* verbose mode - [ preamble ] result:
* driver: xetex
* paper: a4paper
* layout: <same size as paper>
* layoutoffset:(h,v)=(0.0pt,0.0pt)
* modes: 
* h-part:(L,W,R)=(93.95122pt, 431.28667pt, 72.26999pt)
* v-part:(T,H,B)=(86.72377pt, 671.5993pt, 86.72377pt)
* \paperwidth=597.50787pt
* \paperheight=845.04684pt
* \textwidth=431.28667pt
* \textheight=671.5993pt
* \oddsidemargin=21.68123pt
* \evensidemargin=21.68123pt
* \topmargin=-17.42001pt
* \headheight=12.0pt
* \headsep=19.8738pt
* \topskip=12.0pt
* \footskip=30.0pt
* \marginparwidth=47.0pt
* \marginparsep=7.0pt
* \columnsep=10.0pt
* \skip\footins=10.8pt plus 4.0pt minus 2.0pt
* \hoffset=0.0pt
* \voffset=0.0pt
* \mag=1000
* \@twocolumnfalse
* \@twosidefalse
* \@mparswitchfalse
* \@reversemarginfalse
* (1in=72.27pt=25.4mm, 1cm=28.453pt)

ABD: EveryShipout initializing macros
(/usr/local/texlive/2020/texmf-dist/tex/latex/translator/translator-basic-dicti
onary-English.dict
Dictionary: translator-basic-dictionary, Language: English 
)
(/usr/local/texlive/2020/texmf-dist/tex/latex/siunitx/siunitx-abbreviations.cfg
File: siunitx-abbreviations.cfg 2017/11/26 v2.7k siunitx: Abbreviated units
)
\symgns@font=\mathgroup10
LaTeX Font Info:    Overwriting symbol font `gns@font' in version `bold'
(Font)                  TS1/ppl/m/n --> TS1/ppl/b/n on input line 7.
Package gensymb Info: Math companion symbols declared on input line 7.
LaTeX Info: Redefining \degree on input line 7.
LaTeX Info: Redefining \celsius on input line 7.
Package gensymb Info: Using text companion symbols for \degree, \celsius and \p
erthousand on input line 7.
LaTeX Info: Redefining \ohm on input line 7.
Package gensymb Info: Using \textohm for \ohm on input line 7.
LaTeX Info: Redefining \micro on input line 7.
Package gensymb Info: Using \textmu for \micro on input line 7.
Package caption Info: Begin \AtBeginDocument code.
Package caption Info: hyperref package is loaded.
Package caption Info: End \AtBeginDocument code.

(/usr/local/texlive/2020/texmf-dist/tex/latex/translations/translations-basic-d
ictionary-english.trsl
File: translations-basic-dictionary-english.trsl (english translation file `tra
nslations-basic-dictionary')
)
Package translations Info: loading dictionary `translations-basic-dictionary' f
or `english'. on input line 7.

Package chemgreek Info: Activating mapping `upgreek' on line 7.

Package newfloat Info: `float' package detected.
\AtBeginShipoutBox=\box86
Package hyperref Info: Link coloring ON on input line 7.

(/usr/local/texlive/2020/texmf-dist/tex/latex/hyperref/nameref.sty
Package: nameref 2019/09/16 v2.46 Cross-referencing by name of section

(/usr/local/texlive/2020/texmf-dist/tex/latex/refcount/refcount.sty
Package: refcount 2019/12/15 v3.6 Data extraction from label references (HO)
)
(/usr/local/texlive/2020/texmf-dist/tex/generic/gettitlestring/gettitlestring.s
ty
Package: gettitlestring 2019/12/15 v1.6 Cleanup title references (HO)
)
\c@section@level=\count479
)
LaTeX Info: Redefining \ref on input line 7.
LaTeX Info: Redefining \pageref on input line 7.
LaTeX Info: Redefining \nameref on input line 7.
 (./review.out) (./review.out)
\@outlinefile=\write5
\openout5 = `review.out'.

Package biblatex Info: Trying to load language 'english' -> 'english-apa'...
Package biblatex Info: ... file 'english-apa.lbx' found.

(/usr/local/texlive/2020/texmf-dist/tex/latex/biblatex-apa/english-apa.lbx
File: english-apa.lbx 2020/02/22 v9.6 APA biblatex localisation
Package biblatex Info: Trying to load language 'english'...
Package biblatex Info: ... file 'english.lbx' found.

(/usr/local/texlive/2020/texmf-dist/tex/latex/biblatex/lbx/english.lbx
File: english.lbx 2019/12/01 v3.14 biblatex localization (PK/MW)
)
Package biblatex Info: Trying to load language 'american' -> 'american-apa'...
Package biblatex Info: ... file 'american-apa.lbx' found.

(/usr/local/texlive/2020/texmf-dist/tex/latex/biblatex-apa/american-apa.lbx
File: american-apa.lbx 2020/02/22 v9.6 APA biblatex localisation
Package biblatex Info: Trying to load language 'american'...
Package biblatex Info: ... file 'american.lbx' found.

(/usr/local/texlive/2020/texmf-dist/tex/latex/biblatex/lbx/american.lbx
File: american.lbx 2019/12/01 v3.14 biblatex localization (PK/MW)
Package biblatex Info: Trying to load language 'english'...
Package biblatex Info: ... file 'english.lbx' found.

(/usr/local/texlive/2020/texmf-dist/tex/latex/biblatex/lbx/english.lbx
File: english.lbx 2019/12/01 v3.14 biblatex localization (PK/MW)
))))
Package biblatex Info: XeTeX detected.
(biblatex)             Assuming input encoding 'utf8'.
Package biblatex Info: Automatic encoding selection.
(biblatex)             Assuming data encoding 'utf8'.
\openout4 = `review.bcf'.

Package biblatex Info: Trying to load bibliographic data...
Package biblatex Info: ... file 'review.bbl' not found.

No file review.bbl.
Package biblatex Info: Reference section=0 on input line 7.
Package biblatex Info: Reference segment=0 on input line 7.
LaTeX Font Info:    Trying to load font information for OT1+ppl on input line 7
.
(/usr/local/texlive/2020/texmf-dist/tex/latex/psnfss/ot1ppl.fd
File: ot1ppl.fd 2001/06/04 font definitions for OT1/ppl.
)
LaTeX Font Info:    Trying to load font information for OML+zplm on input line 
7.

(/usr/local/texlive/2020/texmf-dist/tex/latex/psnfss/omlzplm.fd
File: omlzplm.fd 2002/09/08 Fontinst v1.914 font definitions for OML/zplm.
)
LaTeX Font Info:    Trying to load font information for OMS+zplm on input line 
7.

(/usr/local/texlive/2020/texmf-dist/tex/latex/psnfss/omszplm.fd
File: omszplm.fd 2002/09/08 Fontinst v1.914 font definitions for OMS/zplm.
)
LaTeX Font Info:    Trying to load font information for OMX+zplm on input line 
7.

(/usr/local/texlive/2020/texmf-dist/tex/latex/psnfss/omxzplm.fd
File: omxzplm.fd 2002/09/08 Fontinst v1.914 font definitions for OMX/zplm.
)
LaTeX Font Info:    Trying to load font information for OT1+zplm on input line 
7.

(/usr/local/texlive/2020/texmf-dist/tex/latex/psnfss/ot1zplm.fd
File: ot1zplm.fd 2002/09/08 Fontinst v1.914 font definitions for OT1/zplm.
)
LaTeX Font Info:    Trying to load font information for TS1+ppl on input line 7
.

(/usr/local/texlive/2020/texmf-dist/tex/latex/psnfss/ts1ppl.fd
File: ts1ppl.fd 2001/06/04 font definitions for TS1/ppl.
)
Chapter 1.
(/usr/local/texlive/2020/texmf-dist/tex/generic/stringenc/se-ascii-print.def
File: se-ascii-print.def 2019/11/29 v1.12 stringenc: Printable ASCII characters

)
Overfull \hbox (0.48073pt too wide) in paragraph at lines 15--15
\T1/ppl/m/n/12 len-tesque ante. Phasel-lus adip-isc-ing sem-per elit. Proin fer
-men-tum massa ac quam.
 []

File: figures/Einstein.jpeg Graphic file (type bmp)
<figures/Einstein.jpeg>
[1


]

Package Fancyhdr Warning: \headheight is too small (12.0pt): 
Make it at least 14.49998pt.
We now make it that large for the rest of the document.
This may cause the page layout to be inconsistent, however.

[2]
Package atveryend Info: Empty hook `BeforeClearDocument' on input line 36.
Package atveryend Info: Empty hook `AfterLastShipout' on input line 36.
 (./review.aux)
Package atveryend Info: Empty hook `AtVeryEndDocument' on input line 36.
Package atveryend Info: Executing hook `AtEndAfterFileList' on input line 36.
Package rerunfilecheck Info: File `review.out' has not changed.
(rerunfilecheck)             Checksum: B8B94B455E893FF00F71B293D32C32F5;212.
Package logreq Info: Writing requests to 'review.run.xml'.
\openout1 = `review.run.xml'.

 ) 
Here is how much of TeX's memory you used:
 39512 strings out of 479418
 801962 string characters out of 5884584
 1605470 words of memory out of 5000000
 56386 multiletter control sequences out of 15000+600000
 554281 words of font info for 74 fonts, out of 8000000 for 9000
 1348 hyphenation exceptions out of 8191
 81i,11n,112p,1151b,4720s stack positions out of 5000i,500n,10000p,200000b,80000s

Output written on review.pdf (2 pages).
