\BOOKMARK [1][-]{Doc-Start}{Acknowledgments}{}% 1
\BOOKMARK [1][-]{Doc-Start}{Abstract}{}% 2
\BOOKMARK [1][-]{section*.1}{Table\040of\040Contents}{}% 3
\BOOKMARK [1][-]{section*.3}{List\040of\040Tables}{}% 4
\BOOKMARK [1][-]{section*.5}{List\040of\040Figures}{}% 5
\BOOKMARK [1][-]{section*.7}{List\040of\040Plates}{}% 6
\BOOKMARK [1][-]{section*.9}{List\040of\040Appendices}{}% 7
\BOOKMARK [1][-]{chapter*.11}{List\040of\040Acronyms}{}% 8
\BOOKMARK [0][-]{chapter.1}{Introduction}{}% 9
\BOOKMARK [1][-]{section.1.1}{Some\040section}{chapter.1}% 10
\BOOKMARK [2][-]{subsection.1.1.1}{A\040sub-section}{section.1.1}% 11
\BOOKMARK [2][-]{subsection.1.1.2}{Another\040sub-section}{section.1.1}% 12
\BOOKMARK [1][-]{section.1.2}{Back\040to\040the\040section\040level}{chapter.1}% 13
\BOOKMARK [1][-]{section.1.3}{The\040third\040section}{chapter.1}% 14
\BOOKMARK [0][-]{chapter.2}{Review\040of\040Literature}{}% 15
\BOOKMARK [1][-]{section.2.1}{My\040Review\040Section}{chapter.2}% 16
\BOOKMARK [2][-]{subsection.2.1.1}{Some\040review\040sub-section}{section.2.1}% 17
\BOOKMARK [0][-]{chapter.3}{Materials\040and\040Methods}{}% 18
\BOOKMARK [0][-]{chapter.4}{Results\040and\040Discussion}{}% 19
\BOOKMARK [1][-]{section.4.1}{My\040first\040results}{chapter.4}% 20
\BOOKMARK [2][-]{subsection.4.1.1}{Some\040results\040sub-section}{section.4.1}% 21
\BOOKMARK [3][-]{subsubsection.4.1.1.1}{A\040subsubsection}{subsection.4.1.1}% 22
\BOOKMARK [3][-]{subsubsection.4.1.1.2}{Another\040subsubsection}{subsection.4.1.1}% 23
\BOOKMARK [2][-]{subsection.4.1.2}{Another\040results\040sub-section}{section.4.1}% 24
\BOOKMARK [1][-]{section.4.2}{My\040Second\040results}{chapter.4}% 25
\BOOKMARK [0][-]{chapter.5}{Summary\040and\040Conclusion}{}% 26
\BOOKMARK [0][-]{chapter*.16}{References}{}% 27
\BOOKMARK [0][-]{Appendix.Alph0.2}{Appendices}{}% 28
